<?xml version="1.0" encoding="UTF-8"?>
<!-- Generated by org.testng.reporters.JUnitXMLReporter -->
<testsuite ignored="0" hostname="DESKTOP-3MH14JB" failures="1" tests="2" name="Test" time="15.459" errors="0" timestamp="2022-12-18T17:26:46 IST">
  <testcase classname="testcases.LoginTestCases" name="login" time="0.707">
    <failure type="java.lang.AssertionError" message="The following asserts failed:
	expected [Please check your username  password. If you still can&amp;apos;t log in, contact your Salesforce administrator.] but found [Please check your username and password. If you still can&amp;apos;t log in, contact your Salesforce administrator.]">
      <![CDATA[java.lang.AssertionError: The following asserts failed:
expected [Please check your username  password. If you still can't log in, contact your Salesforce administrator.] but found [Please check your username and password. If you still can't log in, contact your Salesforce administrator.]
at Resources.CommonMethods.handelassertion(CommonMethods.java:25)
at testcases.LoginTestCases.login(LoginTestCases.java:26)
at java.base/java.util.ArrayList.forEach(ArrayList.java:1511)
... Removed 29 stack frames]]>
    </failure>
  </testcase> <!-- login -->
  <testcase classname="testcases.SignUpTestCases" name="verifysignup" time="6.401"/>
</testsuite> <!-- Test -->
